<?xml version="1.0" encoding="UTF-8"?>
<testng-results ignored="7" total="8" passed="1" failed="0" skipped="0">
  <reporter-output>
  </reporter-output>
  <suite started-at="2019-02-01T12:59:33Z" name="module.HomeTest" finished-at="2019-02-01T12:59:58Z" duration-ms="24883">
    <groups>
    </groups>
    <test started-at="2019-02-01T12:59:33Z" name="Command line test" finished-at="2019-02-01T12:59:58Z" duration-ms="24883">
      <class name="module.HomeTest">
        <test-method is-config="true" signature="befmet()[pri:0, instance:module.HomeTest@3967e60c]" started-at="2019-02-01T12:59:33Z" name="befmet" finished-at="2019-02-01T12:59:52Z" duration-ms="18502" status="PASS">
          <reporter-output>
          </reporter-output>
        </test-method> <!-- befmet -->
        <test-method signature="toMouseHoverOnTutorial()[pri:0, instance:module.HomeTest@3967e60c]" started-at="2019-02-01T12:59:52Z" name="toMouseHoverOnTutorial" finished-at="2019-02-01T12:59:58Z" duration-ms="6318" status="PASS">
          <reporter-output>
          </reporter-output>
        </test-method> <!-- toMouseHoverOnTutorial -->
        <test-method is-config="true" signature="aftmet()[pri:0, instance:module.HomeTest@3967e60c]" started-at="2019-02-01T12:59:58Z" name="aftmet" finished-at="2019-02-01T12:59:58Z" duration-ms="1" status="PASS">
          <reporter-output>
          </reporter-output>
        </test-method> <!-- aftmet -->
      </class> <!-- module.HomeTest -->
    </test> <!-- Command line test -->
  </suite> <!-- module.HomeTest -->
</testng-results>
