<?xml version="1.0" encoding="UTF-8"?>
<!-- Generated by org.testng.reporters.JUnitXMLReporter -->
<testsuite ignored="7" hostname="DESKTOP-NH7HDV4" failures="0" tests="1" name="Command line test" time="24.883" errors="0" timestamp="01 Feb 2019 12:59:58 GMT">
  <testcase classname="module.HomeTest" name="toMouseHoverOnTutorial" time="6.318"/>
  <testcase classname="module.HomeTest" name="toEnterMaleFemale" time="0.0">
    <ignored/>
  </testcase> <!-- toEnterMaleFemale -->
  <testcase classname="module.HomeTest" name="toLink" time="0.0">
    <ignored/>
  </testcase> <!-- toLink -->
  <testcase classname="module.HomeTest" name="tc1" time="0.0">
    <ignored/>
  </testcase> <!-- tc1 -->
  <testcase classname="module.HomeTest" name="toEnterPracticeForm" time="0.0">
    <ignored/>
  </testcase> <!-- toEnterPracticeForm -->
  <testcase classname="module.HomeTest" name="togetWebTable" time="0.0">
    <ignored/>
  </testcase> <!-- togetWebTable -->
  <testcase classname="module.HomeTest" name="toClickPartial" time="0.0">
    <ignored/>
  </testcase> <!-- toClickPartial -->
  <testcase classname="module.HomeTest" name="toEnterUser" time="0.0">
    <ignored/>
  </testcase> <!-- toEnterUser -->
</testsuite> <!-- Command line test -->
