<?xml version="1.0" encoding="UTF-8"?>
<testng-results skipped="0" failed="0" ignored="5" total="6" passed="1">
  <reporter-output>
  </reporter-output>
  <suite name="Default suite" duration-ms="92379" started-at="2019-02-01T06:44:22Z" finished-at="2019-02-01T06:45:55Z">
    <groups>
    </groups>
    <test name="Default test" duration-ms="92379" started-at="2019-02-01T06:44:22Z" finished-at="2019-02-01T06:45:55Z">
      <class name="module.HomeTest">
        <test-method status="PASS" signature="befmet()[pri:0, instance:module.HomeTest@4c70fda8]" name="befmet" is-config="true" duration-ms="36079" started-at="2019-02-01T06:44:22Z" finished-at="2019-02-01T06:44:58Z">
          <reporter-output>
          </reporter-output>
        </test-method> <!-- befmet -->
        <test-method status="PASS" signature="toEnterPracticeForm()[pri:0, instance:module.HomeTest@4c70fda8]" name="toEnterPracticeForm" duration-ms="56201" started-at="2019-02-01T06:44:58Z" finished-at="2019-02-01T06:45:55Z">
          <reporter-output>
          </reporter-output>
        </test-method> <!-- toEnterPracticeForm -->
        <test-method status="PASS" signature="aftmet()[pri:0, instance:module.HomeTest@4c70fda8]" name="aftmet" is-config="true" duration-ms="0" started-at="2019-02-01T06:45:55Z" finished-at="2019-02-01T06:45:55Z">
          <reporter-output>
          </reporter-output>
        </test-method> <!-- aftmet -->
      </class> <!-- module.HomeTest -->
    </test> <!-- Default test -->
  </suite> <!-- Default suite -->
</testng-results>
