<?xml version="1.0" encoding="UTF-8"?>
<!-- Generated by org.testng.reporters.JUnitXMLReporter -->
<testsuite hostname="DESKTOP-NH7HDV4" ignored="8" name="Default test" tests="1" failures="0" timestamp="01 Feb 2019 16:16:20 GMT" time="33.442" errors="0">
  <testcase name="validateSupportEmail" time="1.208" classname="module.HomeTest"/>
  <testcase name="toEnterMaleFemale" time="0.0" classname="module.HomeTest">
    <ignored/>
  </testcase> <!-- toEnterMaleFemale -->
  <testcase name="toLink" time="0.0" classname="module.HomeTest">
    <ignored/>
  </testcase> <!-- toLink -->
  <testcase name="tc1" time="0.0" classname="module.HomeTest">
    <ignored/>
  </testcase> <!-- tc1 -->
  <testcase name="toEnterPracticeForm" time="0.0" classname="module.HomeTest">
    <ignored/>
  </testcase> <!-- toEnterPracticeForm -->
  <testcase name="togetWebTable" time="0.0" classname="module.HomeTest">
    <ignored/>
  </testcase> <!-- togetWebTable -->
  <testcase name="toClickPartial" time="0.0" classname="module.HomeTest">
    <ignored/>
  </testcase> <!-- toClickPartial -->
  <testcase name="toEnterUser" time="0.0" classname="module.HomeTest">
    <ignored/>
  </testcase> <!-- toEnterUser -->
  <testcase name="toMouseHoverOnTutorial" time="0.0" classname="module.HomeTest">
    <ignored/>
  </testcase> <!-- toMouseHoverOnTutorial -->
</testsuite> <!-- Default test -->
